2019-09-04 14:38:58 Error: [Error] Class 'CakeEmail' not found
Request URL: /users/sendemail
Stack Trace:
#0 [internal function]: UsersController->sendEmail()
#1 /var/www/html/projeto/lib/Cake/Controller/Controller.php(499): ReflectionMethod->invokeArgs(Object(UsersController), Array)
#2 /var/www/html/projeto/lib/Cake/Routing/Dispatcher.php(193): Controller->invokeAction(Object(CakeRequest))
#3 /var/www/html/projeto/lib/Cake/Routing/Dispatcher.php(167): Dispatcher->_invoke(Object(UsersController), Object(CakeRequest))
#4 /var/www/html/projeto/app/webroot/index.php(117): Dispatcher->dispatch(Object(CakeRequest), Object(CakeResponse))
#5 {main}
2019-09-04 14:38:59 Error: [Error] Class 'CakeEmail' not found
Request URL: /users/sendemail
Stack Trace:
#0 [internal function]: UsersController->sendEmail()
#1 /var/www/html/projeto/lib/Cake/Controller/Controller.php(499): ReflectionMethod->invokeArgs(Object(UsersController), Array)
#2 /var/www/html/projeto/lib/Cake/Routing/Dispatcher.php(193): Controller->invokeAction(Object(CakeRequest))
#3 /var/www/html/projeto/lib/Cake/Routing/Dispatcher.php(167): Dispatcher->_invoke(Object(UsersController), Object(CakeRequest))
#4 /var/www/html/projeto/app/webroot/index.php(117): Dispatcher->dispatch(Object(CakeRequest), Object(CakeResponse))
#5 {main}
2019-09-04 14:39:01 Error: [Error] Class 'CakeEmail' not found
Request URL: /users/sendemail
Stack Trace:
#0 [internal function]: UsersController->sendEmail()
#1 /var/www/html/projeto/lib/Cake/Controller/Controller.php(499): ReflectionMethod->invokeArgs(Object(UsersController), Array)
#2 /var/www/html/projeto/lib/Cake/Routing/Dispatcher.php(193): Controller->invokeAction(Object(CakeRequest))
#3 /var/www/html/projeto/lib/Cake/Routing/Dispatcher.php(167): Dispatcher->_invoke(Object(UsersController), Object(CakeRequest))
#4 /var/www/html/projeto/app/webroot/index.php(117): Dispatcher->dispatch(Object(CakeRequest), Object(CakeResponse))
#5 {main}
2019-09-04 14:39:04 Error: [MissingViewException] View file "Users/index.ctp" is missing.
Exception Attributes: array (
  'file' => 'Users/index.ctp',
)
Request URL: /users/
Stack Trace:
#0 /var/www/html/projeto/lib/Cake/View/View.php(470): View->_getViewFileName('Users/index')
#1 /var/www/html/projeto/lib/Cake/Controller/Controller.php(968): View->render(NULL, NULL)
#2 /var/www/html/projeto/lib/Cake/Routing/Dispatcher.php(200): Controller->render()
#3 /var/www/html/projeto/lib/Cake/Routing/Dispatcher.php(167): Dispatcher->_invoke(Object(UsersController), Object(CakeRequest))
#4 /var/www/html/projeto/app/webroot/index.php(117): Dispatcher->dispatch(Object(CakeRequest), Object(CakeResponse))
#5 {main}
2019-09-04 14:39:54 Error: [Error] Class 'CakeEmail' not found
Request URL: /users/sendemail
Stack Trace:
#0 [internal function]: UsersController->sendEmail()
#1 /var/www/html/projeto/lib/Cake/Controller/Controller.php(499): ReflectionMethod->invokeArgs(Object(UsersController), Array)
#2 /var/www/html/projeto/lib/Cake/Routing/Dispatcher.php(193): Controller->invokeAction(Object(CakeRequest))
#3 /var/www/html/projeto/lib/Cake/Routing/Dispatcher.php(167): Dispatcher->_invoke(Object(UsersController), Object(CakeRequest))
#4 /var/www/html/projeto/app/webroot/index.php(117): Dispatcher->dispatch(Object(CakeRequest), Object(CakeResponse))
#5 {main}
2019-09-04 14:41:48 Error: [ParseError] syntax error, unexpected ''tls'' (T_CONSTANT_ENCAPSED_STRING), expecting ')'
Request URL: /users/sendemail
Stack Trace:
#0 /var/www/html/projeto/lib/Cake/Network/Email/CakeEmail.php(1250): config('email')
#1 /var/www/html/projeto/lib/Cake/Network/Email/CakeEmail.php(1158): CakeEmail->_applyConfig('default')
#2 /var/www/html/projeto/lib/Cake/Network/Email/CakeEmail.php(362): CakeEmail->config('default')
#3 /var/www/html/projeto/app/Controller/UsersController.php(536): CakeEmail->__construct('default')
#4 [internal function]: UsersController->sendEmail()
#5 /var/www/html/projeto/lib/Cake/Controller/Controller.php(499): ReflectionMethod->invokeArgs(Object(UsersController), Array)
#6 /var/www/html/projeto/lib/Cake/Routing/Dispatcher.php(193): Controller->invokeAction(Object(CakeRequest))
#7 /var/www/html/projeto/lib/Cake/Routing/Dispatcher.php(167): Dispatcher->_invoke(Object(UsersController), Object(CakeRequest))
#8 /var/www/html/projeto/app/webroot/index.php(117): Dispatcher->dispatch(Object(CakeRequest), Object(CakeResponse))
#9 {main}
2019-09-04 14:42:06 Error: [ParseError] syntax error, unexpected ''tls'' (T_CONSTANT_ENCAPSED_STRING), expecting ')'
Request URL: /users/sendemail
Stack Trace:
#0 /var/www/html/projeto/lib/Cake/Network/Email/CakeEmail.php(1250): config('email')
#1 /var/www/html/projeto/lib/Cake/Network/Email/CakeEmail.php(1158): CakeEmail->_applyConfig('default')
#2 /var/www/html/projeto/lib/Cake/Network/Email/CakeEmail.php(362): CakeEmail->config('default')
#3 /var/www/html/projeto/app/Controller/UsersController.php(536): CakeEmail->__construct('default')
#4 [internal function]: UsersController->sendEmail()
#5 /var/www/html/projeto/lib/Cake/Controller/Controller.php(499): ReflectionMethod->invokeArgs(Object(UsersController), Array)
#6 /var/www/html/projeto/lib/Cake/Routing/Dispatcher.php(193): Controller->invokeAction(Object(CakeRequest))
#7 /var/www/html/projeto/lib/Cake/Routing/Dispatcher.php(167): Dispatcher->_invoke(Object(UsersController), Object(CakeRequest))
#8 /var/www/html/projeto/app/webroot/index.php(117): Dispatcher->dispatch(Object(CakeRequest), Object(CakeResponse))
#9 {main}
2019-09-04 14:42:22 Error: [ParseError] syntax error, unexpected ''tls'' (T_CONSTANT_ENCAPSED_STRING), expecting ')'
Request URL: /users/sendemail
Stack Trace:
#0 /var/www/html/projeto/lib/Cake/Network/Email/CakeEmail.php(1250): config('email')
#1 /var/www/html/projeto/lib/Cake/Network/Email/CakeEmail.php(1158): CakeEmail->_applyConfig('default')
#2 /var/www/html/projeto/lib/Cake/Network/Email/CakeEmail.php(362): CakeEmail->config('default')
#3 /var/www/html/projeto/app/Controller/UsersController.php(536): CakeEmail->__construct('default')
#4 [internal function]: UsersController->sendEmail()
#5 /var/www/html/projeto/lib/Cake/Controller/Controller.php(499): ReflectionMethod->invokeArgs(Object(UsersController), Array)
#6 /var/www/html/projeto/lib/Cake/Routing/Dispatcher.php(193): Controller->invokeAction(Object(CakeRequest))
#7 /var/www/html/projeto/lib/Cake/Routing/Dispatcher.php(167): Dispatcher->_invoke(Object(UsersController), Object(CakeRequest))
#8 /var/www/html/projeto/app/webroot/index.php(117): Dispatcher->dispatch(Object(CakeRequest), Object(CakeResponse))
#9 {main}
2019-09-04 14:43:01 Error: [SocketException] Invalid email set for "_from". You passed "localhost".
Request URL: /users/sendemail
Stack Trace:
#0 /var/www/html/projeto/lib/Cake/Network/Email/CakeEmail.php(592): CakeEmail->_validateEmail('localhost', '_from')
#1 /var/www/html/projeto/lib/Cake/Network/Email/CakeEmail.php(646): CakeEmail->_setEmail('_from', 'localhost', NULL)
#2 /var/www/html/projeto/lib/Cake/Network/Email/CakeEmail.php(387): CakeEmail->_setEmailSingle('_from', 'localhost', NULL, 'From requires o...')
#3 /var/www/html/projeto/lib/Cake/Network/Email/CakeEmail.php(1277): CakeEmail->from('localhost')
#4 /var/www/html/projeto/lib/Cake/Network/Email/CakeEmail.php(1158): CakeEmail->_applyConfig(Array)
#5 /var/www/html/projeto/lib/Cake/Network/Email/CakeEmail.php(362): CakeEmail->config('default')
#6 /var/www/html/projeto/app/Controller/UsersController.php(536): CakeEmail->__construct('default')
#7 [internal function]: UsersController->sendEmail()
#8 /var/www/html/projeto/lib/Cake/Controller/Controller.php(499): ReflectionMethod->invokeArgs(Object(UsersController), Array)
#9 /var/www/html/projeto/lib/Cake/Routing/Dispatcher.php(193): Controller->invokeAction(Object(CakeRequest))
#10 /var/www/html/projeto/lib/Cake/Routing/Dispatcher.php(167): Dispatcher->_invoke(Object(UsersController), Object(CakeRequest))
#11 /var/www/html/projeto/app/webroot/index.php(117): Dispatcher->dispatch(Object(CakeRequest), Object(CakeResponse))
#12 {main}
2019-09-04 14:45:10 Error: [SocketException] Connection timed out
Request URL: /users/sendemail
Stack Trace:
#0 /var/www/html/projeto/lib/Cake/Network/Email/SmtpTransport.php(146): CakeSocket->connect()
#1 /var/www/html/projeto/lib/Cake/Network/Email/SmtpTransport.php(86): SmtpTransport->_connect()
#2 /var/www/html/projeto/lib/Cake/Network/Email/CakeEmail.php(1183): SmtpTransport->send(Object(CakeEmail))
#3 /var/www/html/projeto/app/Controller/UsersController.php(540): CakeEmail->send('My messagedadas...')
#4 [internal function]: UsersController->sendEmail()
#5 /var/www/html/projeto/lib/Cake/Controller/Controller.php(499): ReflectionMethod->invokeArgs(Object(UsersController), Array)
#6 /var/www/html/projeto/lib/Cake/Routing/Dispatcher.php(193): Controller->invokeAction(Object(CakeRequest))
#7 /var/www/html/projeto/lib/Cake/Routing/Dispatcher.php(167): Dispatcher->_invoke(Object(UsersController), Object(CakeRequest))
#8 /var/www/html/projeto/app/webroot/index.php(117): Dispatcher->dispatch(Object(CakeRequest), Object(CakeResponse))
#9 {main}
2019-09-04 14:45:11 Error: [SocketException] SMTP server did not accept the connection or trying to connect to non TLS SMTP server using TLS.
Request URL: /users/sendemail
Stack Trace:
#0 /var/www/html/projeto/lib/Cake/Network/Email/SmtpTransport.php(86): SmtpTransport->_connect()
#1 /var/www/html/projeto/lib/Cake/Network/Email/CakeEmail.php(1183): SmtpTransport->send(Object(CakeEmail))
#2 /var/www/html/projeto/app/Controller/UsersController.php(540): CakeEmail->send('My messagedadas...')
#3 [internal function]: UsersController->sendEmail()
#4 /var/www/html/projeto/lib/Cake/Controller/Controller.php(499): ReflectionMethod->invokeArgs(Object(UsersController), Array)
#5 /var/www/html/projeto/lib/Cake/Routing/Dispatcher.php(193): Controller->invokeAction(Object(CakeRequest))
#6 /var/www/html/projeto/lib/Cake/Routing/Dispatcher.php(167): Dispatcher->_invoke(Object(UsersController), Object(CakeRequest))
#7 /var/www/html/projeto/app/webroot/index.php(117): Dispatcher->dispatch(Object(CakeRequest), Object(CakeResponse))
#8 {main}
2019-09-04 15:05:39 Error: [MissingControllerException] Controller class EmailsController could not be found.
Exception Attributes: array (
  'class' => 'EmailsController',
  'plugin' => NULL,
)
Request URL: /Emails
Stack Trace:
#0 /var/www/html/projeto/app/webroot/index.php(117): Dispatcher->dispatch(Object(CakeRequest), Object(CakeResponse))
#1 {main}
2019-09-04 15:06:07 Error: [MissingActionException] Action EmailsController::index() could not be found.
Exception Attributes: array (
  'controller' => 'EmailsController',
  'action' => 'index',
)
Request URL: /Emails
Stack Trace:
#0 /var/www/html/projeto/lib/Cake/Routing/Dispatcher.php(193): Controller->invokeAction(Object(CakeRequest))
#1 /var/www/html/projeto/lib/Cake/Routing/Dispatcher.php(167): Dispatcher->_invoke(Object(EmailsController), Object(CakeRequest))
#2 /var/www/html/projeto/app/webroot/index.php(117): Dispatcher->dispatch(Object(CakeRequest), Object(CakeResponse))
#3 {main}
2019-09-04 15:07:38 Error: [MissingViewException] View file "Emails/writeemail.ctp" is missing.
Exception Attributes: array (
  'file' => 'Emails/writeemail.ctp',
)
Request URL: /Emails/writeemail
Stack Trace:
#0 /var/www/html/projeto/lib/Cake/View/View.php(470): View->_getViewFileName('Emails/writeema...')
#1 /var/www/html/projeto/lib/Cake/Controller/Controller.php(968): View->render(NULL, NULL)
#2 /var/www/html/projeto/lib/Cake/Routing/Dispatcher.php(200): Controller->render()
#3 /var/www/html/projeto/lib/Cake/Routing/Dispatcher.php(167): Dispatcher->_invoke(Object(EmailsController), Object(CakeRequest))
#4 /var/www/html/projeto/app/webroot/index.php(117): Dispatcher->dispatch(Object(CakeRequest), Object(CakeResponse))
#5 {main}
2019-09-04 15:30:46 Error: [MissingViewException] View file "Emails/writeemail.ctp" is missing.
Exception Attributes: array (
  'file' => 'Emails/writeemail.ctp',
)
Request URL: /Emails/writeemail
Stack Trace:
#0 /var/www/html/projeto/lib/Cake/View/View.php(470): View->_getViewFileName('Emails/writeema...')
#1 /var/www/html/projeto/lib/Cake/Controller/Controller.php(968): View->render(NULL, NULL)
#2 /var/www/html/projeto/lib/Cake/Routing/Dispatcher.php(200): Controller->render()
#3 /var/www/html/projeto/lib/Cake/Routing/Dispatcher.php(167): Dispatcher->_invoke(Object(EmailsController), Object(CakeRequest))
#4 /var/www/html/projeto/app/webroot/index.php(117): Dispatcher->dispatch(Object(CakeRequest), Object(CakeResponse))
#5 {main}
2019-09-04 15:32:02 Error: [MissingViewException] View file "Emails/writeemail.ctp" is missing.
Exception Attributes: array (
  'file' => 'Emails/writeemail.ctp',
)
Request URL: /Emails/writeemail
Stack Trace:
#0 /var/www/html/projeto/lib/Cake/View/View.php(470): View->_getViewFileName('Emails/writeema...')
#1 /var/www/html/projeto/lib/Cake/Controller/Controller.php(968): View->render(NULL, NULL)
#2 /var/www/html/projeto/lib/Cake/Routing/Dispatcher.php(200): Controller->render()
#3 /var/www/html/projeto/lib/Cake/Routing/Dispatcher.php(167): Dispatcher->_invoke(Object(EmailsController), Object(CakeRequest))
#4 /var/www/html/projeto/app/webroot/index.php(117): Dispatcher->dispatch(Object(CakeRequest), Object(CakeResponse))
#5 {main}
2019-09-04 15:32:04 Error: [MissingViewException] View file "Emails/writeemail.ctp" is missing.
Exception Attributes: array (
  'file' => 'Emails/writeemail.ctp',
)
Request URL: /Emails/writeemail
Stack Trace:
#0 /var/www/html/projeto/lib/Cake/View/View.php(470): View->_getViewFileName('Emails/writeema...')
#1 /var/www/html/projeto/lib/Cake/Controller/Controller.php(968): View->render(NULL, NULL)
#2 /var/www/html/projeto/lib/Cake/Routing/Dispatcher.php(200): Controller->render()
#3 /var/www/html/projeto/lib/Cake/Routing/Dispatcher.php(167): Dispatcher->_invoke(Object(EmailsController), Object(CakeRequest))
#4 /var/www/html/projeto/app/webroot/index.php(117): Dispatcher->dispatch(Object(CakeRequest), Object(CakeResponse))
#5 {main}
2019-09-04 15:32:15 Error: [MissingViewException] View file "Users/writeemail.ctp" is missing.
Exception Attributes: array (
  'file' => 'Users/writeemail.ctp',
)
Request URL: /users/writeemail
Stack Trace:
#0 /var/www/html/projeto/lib/Cake/View/View.php(470): View->_getViewFileName('Users/writeemai...')
#1 /var/www/html/projeto/lib/Cake/Controller/Controller.php(968): View->render(NULL, NULL)
#2 /var/www/html/projeto/lib/Cake/Routing/Dispatcher.php(200): Controller->render()
#3 /var/www/html/projeto/lib/Cake/Routing/Dispatcher.php(167): Dispatcher->_invoke(Object(UsersController), Object(CakeRequest))
#4 /var/www/html/projeto/app/webroot/index.php(117): Dispatcher->dispatch(Object(CakeRequest), Object(CakeResponse))
#5 {main}
2019-09-04 15:32:31 Error: [MissingActionException] Action UsersController::write_email() could not be found.
Exception Attributes: array (
  'controller' => 'UsersController',
  'action' => 'write_email',
)
Request URL: /users/write_email
Stack Trace:
#0 /var/www/html/projeto/lib/Cake/Routing/Dispatcher.php(193): Controller->invokeAction(Object(CakeRequest))
#1 /var/www/html/projeto/lib/Cake/Routing/Dispatcher.php(167): Dispatcher->_invoke(Object(UsersController), Object(CakeRequest))
#2 /var/www/html/projeto/app/webroot/index.php(117): Dispatcher->dispatch(Object(CakeRequest), Object(CakeResponse))
#3 {main}
2019-09-04 15:39:20 Error: [ParseError] syntax error, unexpected '$this' (T_VARIABLE)
Request URL: /users/writeemail
Stack Trace:
#0 [internal function]: App::load('UsersController')
#1 [internal function]: spl_autoload_call('UsersController')
#2 /var/www/html/projeto/lib/Cake/Routing/Dispatcher.php(266): class_exists('UsersController')
#3 /var/www/html/projeto/lib/Cake/Routing/Dispatcher.php(235): Dispatcher->_loadController(Object(CakeRequest))
#4 /var/www/html/projeto/lib/Cake/Routing/Dispatcher.php(158): Dispatcher->_getController(Object(CakeRequest), Object(CakeResponse))
#5 /var/www/html/projeto/app/webroot/index.php(117): Dispatcher->dispatch(Object(CakeRequest), Object(CakeResponse))
#6 {main}
2019-09-04 15:39:31 Error: [MissingViewException] View file "Users/writeemail.ctp" is missing.
Exception Attributes: array (
  'file' => 'Users/writeemail.ctp',
)
Request URL: /users/writeemail
Stack Trace:
#0 /var/www/html/projeto/lib/Cake/View/View.php(470): View->_getViewFileName('Users/writeemai...')
#1 /var/www/html/projeto/lib/Cake/Controller/Controller.php(968): View->render(NULL, NULL)
#2 /var/www/html/projeto/lib/Cake/Routing/Dispatcher.php(200): Controller->render()
#3 /var/www/html/projeto/lib/Cake/Routing/Dispatcher.php(167): Dispatcher->_invoke(Object(UsersController), Object(CakeRequest))
#4 /var/www/html/projeto/app/webroot/index.php(117): Dispatcher->dispatch(Object(CakeRequest), Object(CakeResponse))
#5 {main}
2019-09-04 15:41:20 Error: [MissingViewException] View file "Users/writeemail.ctp" is missing.
Exception Attributes: array (
  'file' => 'Users/writeemail.ctp',
)
Request URL: /users/writeemail
Stack Trace:
#0 /var/www/html/projeto/lib/Cake/View/View.php(470): View->_getViewFileName('Users/writeemai...')
#1 /var/www/html/projeto/lib/Cake/Controller/Controller.php(968): View->render(NULL, NULL)
#2 /var/www/html/projeto/lib/Cake/Routing/Dispatcher.php(200): Controller->render()
#3 /var/www/html/projeto/lib/Cake/Routing/Dispatcher.php(167): Dispatcher->_invoke(Object(UsersController), Object(CakeRequest))
#4 /var/www/html/projeto/app/webroot/index.php(117): Dispatcher->dispatch(Object(CakeRequest), Object(CakeResponse))
#5 {main}
2019-09-04 15:41:21 Error: [MissingViewException] View file "Users/writeemail.ctp" is missing.
Exception Attributes: array (
  'file' => 'Users/writeemail.ctp',
)
Request URL: /users/writeemail
Stack Trace:
#0 /var/www/html/projeto/lib/Cake/View/View.php(470): View->_getViewFileName('Users/writeemai...')
#1 /var/www/html/projeto/lib/Cake/Controller/Controller.php(968): View->render(NULL, NULL)
#2 /var/www/html/projeto/lib/Cake/Routing/Dispatcher.php(200): Controller->render()
#3 /var/www/html/projeto/lib/Cake/Routing/Dispatcher.php(167): Dispatcher->_invoke(Object(UsersController), Object(CakeRequest))
#4 /var/www/html/projeto/app/webroot/index.php(117): Dispatcher->dispatch(Object(CakeRequest), Object(CakeResponse))
#5 {main}
2019-09-04 15:41:38 Error: [MissingViewException] View file "Users/writeemail.ctp" is missing.
Exception Attributes: array (
  'file' => 'Users/writeemail.ctp',
)
Request URL: /users/writeemail
Stack Trace:
#0 /var/www/html/projeto/lib/Cake/View/View.php(470): View->_getViewFileName('Users/writeemai...')
#1 /var/www/html/projeto/lib/Cake/Controller/Controller.php(968): View->render(NULL, NULL)
#2 /var/www/html/projeto/lib/Cake/Routing/Dispatcher.php(200): Controller->render()
#3 /var/www/html/projeto/lib/Cake/Routing/Dispatcher.php(167): Dispatcher->_invoke(Object(UsersController), Object(CakeRequest))
#4 /var/www/html/projeto/app/webroot/index.php(117): Dispatcher->dispatch(Object(CakeRequest), Object(CakeResponse))
#5 {main}
2019-09-04 15:42:21 Error: [PDOException] SQLSTATE[42S22]: Column not found: 1054 Unknown column 'User.namefirst_name' in 'field list'
Request URL: /users/writeemail
Stack Trace:
#0 /var/www/html/projeto/lib/Cake/Model/Datasource/DboSource.php(502): PDOStatement->execute(Array)
#1 /var/www/html/projeto/lib/Cake/Model/Datasource/DboSource.php(468): DboSource->_execute('SELECT `User`.`...', Array)
#2 /var/www/html/projeto/lib/Cake/Model/Datasource/DboSource.php(715): DboSource->execute('SELECT `User`.`...', Array, Array)
#3 /var/www/html/projeto/lib/Cake/Model/Datasource/DboSource.php(1226): DboSource->fetchAll('SELECT `User`.`...', Array)
#4 /var/www/html/projeto/lib/Cake/Model/Model.php(3053): DboSource->read(Object(User), Array)
#5 /var/www/html/projeto/lib/Cake/Model/Model.php(3025): Model->_readDataSource('first', Array)
#6 /var/www/html/projeto/app/Controller/UsersController.php(559): Model->find('first', Array)
#7 [internal function]: UsersController->writeEmail()
#8 /var/www/html/projeto/lib/Cake/Controller/Controller.php(499): ReflectionMethod->invokeArgs(Object(UsersController), Array)
#9 /var/www/html/projeto/lib/Cake/Routing/Dispatcher.php(193): Controller->invokeAction(Object(CakeRequest))
#10 /var/www/html/projeto/lib/Cake/Routing/Dispatcher.php(167): Dispatcher->_invoke(Object(UsersController), Object(CakeRequest))
#11 /var/www/html/projeto/app/webroot/index.php(117): Dispatcher->dispatch(Object(CakeRequest), Object(CakeResponse))
#12 {main}
2019-09-04 15:42:30 Error: [PDOException] SQLSTATE[42S22]: Column not found: 1054 Unknown column 'User.namefirst_name' in 'field list'
Request URL: /users/writeEmail
Stack Trace:
#0 /var/www/html/projeto/lib/Cake/Model/Datasource/DboSource.php(502): PDOStatement->execute(Array)
#1 /var/www/html/projeto/lib/Cake/Model/Datasource/DboSource.php(468): DboSource->_execute('SELECT `User`.`...', Array)
#2 /var/www/html/projeto/lib/Cake/Model/Datasource/DboSource.php(715): DboSource->execute('SELECT `User`.`...', Array, Array)
#3 /var/www/html/projeto/lib/Cake/Model/Datasource/DboSource.php(1226): DboSource->fetchAll('SELECT `User`.`...', Array)
#4 /var/www/html/projeto/lib/Cake/Model/Model.php(3053): DboSource->read(Object(User), Array)
#5 /var/www/html/projeto/lib/Cake/Model/Model.php(3025): Model->_readDataSource('first', Array)
#6 /var/www/html/projeto/app/Controller/UsersController.php(559): Model->find('first', Array)
#7 [internal function]: UsersController->writeEmail()
#8 /var/www/html/projeto/lib/Cake/Controller/Controller.php(499): ReflectionMethod->invokeArgs(Object(UsersController), Array)
#9 /var/www/html/projeto/lib/Cake/Routing/Dispatcher.php(193): Controller->invokeAction(Object(CakeRequest))
#10 /var/www/html/projeto/lib/Cake/Routing/Dispatcher.php(167): Dispatcher->_invoke(Object(UsersController), Object(CakeRequest))
#11 /var/www/html/projeto/app/webroot/index.php(117): Dispatcher->dispatch(Object(CakeRequest), Object(CakeResponse))
#12 {main}
2019-09-04 15:43:00 Error: [PDOException] SQLSTATE[42S22]: Column not found: 1054 Unknown column 'User.namefirst_name' in 'field list'
Request URL: /users/writeEmail
Stack Trace:
#0 /var/www/html/projeto/lib/Cake/Model/Datasource/DboSource.php(502): PDOStatement->execute(Array)
#1 /var/www/html/projeto/lib/Cake/Model/Datasource/DboSource.php(468): DboSource->_execute('SELECT `User`.`...', Array)
#2 /var/www/html/projeto/lib/Cake/Model/Datasource/DboSource.php(715): DboSource->execute('SELECT `User`.`...', Array, Array)
#3 /var/www/html/projeto/lib/Cake/Model/Datasource/DboSource.php(1226): DboSource->fetchAll('SELECT `User`.`...', Array)
#4 /var/www/html/projeto/lib/Cake/Model/Model.php(3053): DboSource->read(Object(User), Array)
#5 /var/www/html/projeto/lib/Cake/Model/Model.php(3025): Model->_readDataSource('first', Array)
#6 /var/www/html/projeto/app/Controller/UsersController.php(558): Model->find('first', Array)
#7 [internal function]: UsersController->writeEmail()
#8 /var/www/html/projeto/lib/Cake/Controller/Controller.php(499): ReflectionMethod->invokeArgs(Object(UsersController), Array)
#9 /var/www/html/projeto/lib/Cake/Routing/Dispatcher.php(193): Controller->invokeAction(Object(CakeRequest))
#10 /var/www/html/projeto/lib/Cake/Routing/Dispatcher.php(167): Dispatcher->_invoke(Object(UsersController), Object(CakeRequest))
#11 /var/www/html/projeto/app/webroot/index.php(117): Dispatcher->dispatch(Object(CakeRequest), Object(CakeResponse))
#12 {main}
2019-09-04 15:45:06 Error: [SocketException] Connection timed out
Request URL: /users/writeEmail
Stack Trace:
#0 /var/www/html/projeto/lib/Cake/Network/Email/SmtpTransport.php(146): CakeSocket->connect()
#1 /var/www/html/projeto/lib/Cake/Network/Email/SmtpTransport.php(86): SmtpTransport->_connect()
#2 /var/www/html/projeto/lib/Cake/Network/Email/CakeEmail.php(1183): SmtpTransport->send(Object(CakeEmail))
#3 /var/www/html/projeto/app/Controller/UsersController.php(540): CakeEmail->send('')
#4 /var/www/html/projeto/app/Controller/UsersController.php(575): UsersController->_sendEmail(Array)
#5 [internal function]: UsersController->writeEmail()
#6 /var/www/html/projeto/lib/Cake/Controller/Controller.php(499): ReflectionMethod->invokeArgs(Object(UsersController), Array)
#7 /var/www/html/projeto/lib/Cake/Routing/Dispatcher.php(193): Controller->invokeAction(Object(CakeRequest))
#8 /var/www/html/projeto/lib/Cake/Routing/Dispatcher.php(167): Dispatcher->_invoke(Object(UsersController), Object(CakeRequest))
#9 /var/www/html/projeto/app/webroot/index.php(117): Dispatcher->dispatch(Object(CakeRequest), Object(CakeResponse))
#10 {main}
2019-09-04 15:52:02 Error: [ParseError] syntax error, unexpected ',', expecting ';'
Request URL: /users/writeEmail
Stack Trace:
#0 [internal function]: App::load('UsersController')
#1 [internal function]: spl_autoload_call('UsersController')
#2 /var/www/html/projeto/lib/Cake/Routing/Dispatcher.php(266): class_exists('UsersController')
#3 /var/www/html/projeto/lib/Cake/Routing/Dispatcher.php(235): Dispatcher->_loadController(Object(CakeRequest))
#4 /var/www/html/projeto/lib/Cake/Routing/Dispatcher.php(158): Dispatcher->_getController(Object(CakeRequest), Object(CakeResponse))
#5 /var/www/html/projeto/app/webroot/index.php(117): Dispatcher->dispatch(Object(CakeRequest), Object(CakeResponse))
#6 {main}
2019-09-04 15:55:39 Error: [ParseError] syntax error, unexpected ';', expecting ')'
Request URL: /users/writeEmail
Stack Trace:
#0 [internal function]: App::load('UsersController')
#1 [internal function]: spl_autoload_call('UsersController')
#2 /var/www/html/projeto/lib/Cake/Routing/Dispatcher.php(266): class_exists('UsersController')
#3 /var/www/html/projeto/lib/Cake/Routing/Dispatcher.php(235): Dispatcher->_loadController(Object(CakeRequest))
#4 /var/www/html/projeto/lib/Cake/Routing/Dispatcher.php(158): Dispatcher->_getController(Object(CakeRequest), Object(CakeResponse))
#5 /var/www/html/projeto/app/webroot/index.php(117): Dispatcher->dispatch(Object(CakeRequest), Object(CakeResponse))
#6 {main}
2019-09-04 15:56:24 Error: [SocketException] Connection timed out
Request URL: /users/writeEmail
Stack Trace:
#0 /var/www/html/projeto/lib/Cake/Network/Email/SmtpTransport.php(146): CakeSocket->connect()
#1 /var/www/html/projeto/lib/Cake/Network/Email/SmtpTransport.php(86): SmtpTransport->_connect()
#2 /var/www/html/projeto/lib/Cake/Network/Email/CakeEmail.php(1183): SmtpTransport->send(Object(CakeEmail))
#3 /var/www/html/projeto/app/Controller/UsersController.php(540): CakeEmail->send('')
#4 /var/www/html/projeto/app/Controller/UsersController.php(584): UsersController->_sendEmail(Array)
#5 [internal function]: UsersController->writeEmail()
#6 /var/www/html/projeto/lib/Cake/Controller/Controller.php(499): ReflectionMethod->invokeArgs(Object(UsersController), Array)
#7 /var/www/html/projeto/lib/Cake/Routing/Dispatcher.php(193): Controller->invokeAction(Object(CakeRequest))
#8 /var/www/html/projeto/lib/Cake/Routing/Dispatcher.php(167): Dispatcher->_invoke(Object(UsersController), Object(CakeRequest))
#9 /var/www/html/projeto/app/webroot/index.php(117): Dispatcher->dispatch(Object(CakeRequest), Object(CakeResponse))
#10 {main}
2019-09-04 15:57:00 Error: [SocketException] Connection timed out
Request URL: /users/writeEmail
Stack Trace:
#0 /var/www/html/projeto/lib/Cake/Network/Email/SmtpTransport.php(146): CakeSocket->connect()
#1 /var/www/html/projeto/lib/Cake/Network/Email/SmtpTransport.php(86): SmtpTransport->_connect()
#2 /var/www/html/projeto/lib/Cake/Network/Email/CakeEmail.php(1183): SmtpTransport->send(Object(CakeEmail))
#3 /var/www/html/projeto/app/Controller/UsersController.php(540): CakeEmail->send('')
#4 /var/www/html/projeto/app/Controller/UsersController.php(584): UsersController->_sendEmail(Array)
#5 [internal function]: UsersController->writeEmail()
#6 /var/www/html/projeto/lib/Cake/Controller/Controller.php(499): ReflectionMethod->invokeArgs(Object(UsersController), Array)
#7 /var/www/html/projeto/lib/Cake/Routing/Dispatcher.php(193): Controller->invokeAction(Object(CakeRequest))
#8 /var/www/html/projeto/lib/Cake/Routing/Dispatcher.php(167): Dispatcher->_invoke(Object(UsersController), Object(CakeRequest))
#9 /var/www/html/projeto/app/webroot/index.php(117): Dispatcher->dispatch(Object(CakeRequest), Object(CakeResponse))
#10 {main}
2019-09-04 16:03:05 Error: [Error] Function name must be a string
Request URL: /users/writeEmail
Stack Trace:
#0 /var/www/html/projeto/app/Controller/UsersController.php(573): UsersController->_hashEncrypt('1', 'Manoel')
#1 [internal function]: UsersController->writeEmail()
#2 /var/www/html/projeto/lib/Cake/Controller/Controller.php(499): ReflectionMethod->invokeArgs(Object(UsersController), Array)
#3 /var/www/html/projeto/lib/Cake/Routing/Dispatcher.php(193): Controller->invokeAction(Object(CakeRequest))
#4 /var/www/html/projeto/lib/Cake/Routing/Dispatcher.php(167): Dispatcher->_invoke(Object(UsersController), Object(CakeRequest))
#5 /var/www/html/projeto/app/webroot/index.php(117): Dispatcher->dispatch(Object(CakeRequest), Object(CakeResponse))
#6 {main}
2019-09-04 16:21:35 Error: [MissingViewException] View file "Users/writeemail.ctp" is missing.
Exception Attributes: array (
  'file' => 'Users/writeemail.ctp',
)
Request URL: /users/writeemail
Stack Trace:
#0 /var/www/html/projeto/lib/Cake/View/View.php(470): View->_getViewFileName('Users/writeemai...')
#1 /var/www/html/projeto/lib/Cake/Controller/Controller.php(968): View->render(NULL, NULL)
#2 /var/www/html/projeto/lib/Cake/Routing/Dispatcher.php(200): Controller->render()
#3 /var/www/html/projeto/lib/Cake/Routing/Dispatcher.php(167): Dispatcher->_invoke(Object(UsersController), Object(CakeRequest))
#4 /var/www/html/projeto/app/webroot/index.php(117): Dispatcher->dispatch(Object(CakeRequest), Object(CakeResponse))
#5 {main}
2019-09-04 16:24:22 Error: [SocketException] Connection timed out
Request URL: /Users/writeEmail
Stack Trace:
#0 /var/www/html/projeto/lib/Cake/Network/Email/SmtpTransport.php(146): CakeSocket->connect()
#1 /var/www/html/projeto/lib/Cake/Network/Email/SmtpTransport.php(86): SmtpTransport->_connect()
#2 /var/www/html/projeto/lib/Cake/Network/Email/CakeEmail.php(1183): SmtpTransport->send(Object(CakeEmail))
#3 /var/www/html/projeto/app/Controller/UsersController.php(534): CakeEmail->send('Seu link para r...')
#4 /var/www/html/projeto/app/Controller/UsersController.php(574): UsersController->_sendEmail(Array)
#5 [internal function]: UsersController->writeEmail()
#6 /var/www/html/projeto/lib/Cake/Controller/Controller.php(499): ReflectionMethod->invokeArgs(Object(UsersController), Array)
#7 /var/www/html/projeto/lib/Cake/Routing/Dispatcher.php(193): Controller->invokeAction(Object(CakeRequest))
#8 /var/www/html/projeto/lib/Cake/Routing/Dispatcher.php(167): Dispatcher->_invoke(Object(UsersController), Object(CakeRequest))
#9 /var/www/html/projeto/app/webroot/index.php(117): Dispatcher->dispatch(Object(CakeRequest), Object(CakeResponse))
#10 {main}
